Grammar:

Rule 0     S' -> statement
Rule 1     statement -> select_data
Rule 2     statement -> insert_data
Rule 3     statement -> use_database
Rule 4     statement -> show_databases
Rule 5     statement -> create_table
Rule 6     statement -> create_database
Rule 7     use_database -> USE IDENTIFIER
Rule 8     show_databases -> SHOW DATABASES
Rule 9     create_database -> CREATE DATABASE IDENTIFIER
Rule 10    create_table -> CREATE TABLE IDENTIFIER ( create_columns )
Rule 11    create_columns -> create_column
Rule 12    create_columns -> create_column , create_columns
Rule 13    create_column -> IDENTIFIER data_type constraints
Rule 14    data_type -> DECIMAL ( NUMBER , NUMBER )
Rule 15    data_type -> VARCHAR ( NUMBER )
Rule 16    data_type -> DOUBLE
Rule 17    data_type -> TIMESTAMP
Rule 18    data_type -> FLOAT
Rule 19    data_type -> INT
Rule 20    constraints -> constraint
Rule 21    constraints -> constraint constraints
Rule 22    constraint -> NOT_NULL
Rule 23    constraint -> PRIMARY_KEY
Rule 24    insert_data -> INSERT INTO IDENTIFIER ( data_columns ) insert_clause
Rule 25    insert_clause -> VALUES values_clause
Rule 26    insert_clause -> SELECT select_data
Rule 27    values_clause -> ( datas )
Rule 28    values_clause -> ( datas ) , values_clause
Rule 29    datas -> data
Rule 30    datas -> datas , data
Rule 31    select_data -> subquery_select
Rule 32    select_data -> join_select
Rule 33    select_data -> ordered_select
Rule 34    select_data -> conditional_select
Rule 35    select_data -> simple_select
Rule 36    select_data -> select_all
Rule 37    select_all -> SELECT * from_clause
Rule 38    simple_select -> SELECT data_columns from_clause
Rule 39    subquery_select -> SELECT data_columns from_clause where_in_clause
Rule 40    conditional_select -> SELECT data_columns from_clause where_clause
Rule 41    ordered_select -> SELECT data_columns from_clause order_by_clause
Rule 42    join_select -> SELECT alias_columns from_clause_with_alias join_clause
Rule 43    from_clause_with_alias -> FROM data data
Rule 44    from_clause -> FROM data
Rule 45    where_in_clause -> WHERE data . data IN ( select_data )
Rule 46    where_clause -> WHERE conditions
Rule 47    order_by_clause -> ORDER_BY order_clause
Rule 48    alias_columns -> alias_column
Rule 49    alias_columns -> alias_column , alias_columns
Rule 50    data_columns -> data
Rule 51    data_columns -> data , data_columns
Rule 52    alias_column -> qualified_data
Rule 53    data -> NUMBER
Rule 54    data -> IDENTIFIER
Rule 55    data -> ' IDENTIFIER '
Rule 56    qualified_data -> data . data
Rule 57    conditions -> <empty>
Rule 58    conditions -> condition OR conditions  [precedence=left, level=1]
Rule 59    conditions -> condition AND conditions  [precedence=left, level=2]
Rule 60    conditions -> condition
Rule 61    condition -> data OPERATOR data
Rule 62    condition -> data . data OPERATOR data
Rule 63    condition -> data . data OPERATOR data . data
Rule 64    order_clause -> data DESC
Rule 65    order_clause -> data ASC
Rule 66    join_clause -> JOIN data . data ON condition

Terminals, with rules where they appear:

'                    : 55 55
(                    : 10 14 15 24 27 28 45
)                    : 10 14 15 24 27 28 45
*                    : 37
,                    : 12 14 28 30 49 51
.                    : 45 56 62 63 63 66
AND                  : 59
ASC                  : 65
CREATE               : 9 10
DATABASE             : 9
DATABASES            : 8
DECIMAL              : 14
DESC                 : 64
DOUBLE               : 16
FLOAT                : 18
FROM                 : 43 44
IDENTIFIER           : 7 9 10 13 24 54 55
IN                   : 45
INSERT               : 24
INT                  : 19
INTO                 : 24
JOIN                 : 66
NOT_NULL             : 22
NUMBER               : 14 14 15 53
ON                   : 66
OPERATOR             : 61 62 63
OR                   : 58
ORDER_BY             : 47
PRIMARY_KEY          : 23
SELECT               : 26 37 38 39 40 41 42
SHOW                 : 8
TABLE                : 10
TIMESTAMP            : 17
USE                  : 7
VALUES               : 25
VARCHAR              : 15
WHERE                : 45 46
error                : 

Nonterminals, with rules where they appear:

alias_column         : 48 49
alias_columns        : 42 49
condition            : 58 59 60 66
conditional_select   : 34
conditions           : 46 58 59
constraint           : 20 21
constraints          : 13 21
create_column        : 11 12
create_columns       : 10 12
create_database      : 6
create_table         : 5
data                 : 29 30 43 43 44 45 45 50 51 56 56 61 61 62 62 62 63 63 63 63 64 65 66 66
data_columns         : 24 38 39 40 41 51
data_type            : 13
datas                : 27 28 30
from_clause          : 37 38 39 40 41
from_clause_with_alias : 42
insert_clause        : 24
insert_data          : 2
join_clause          : 42
join_select          : 32
order_by_clause      : 41
order_clause         : 47
ordered_select       : 33
qualified_data       : 52
select_all           : 36
select_data          : 1 26 45
show_databases       : 4
simple_select        : 35
statement            : 0
subquery_select      : 31
use_database         : 3
values_clause        : 25 28
where_clause         : 40
where_in_clause      : 39


state 0

    (0) S' -> . statement
    (1) statement -> . select_data
    (2) statement -> . insert_data
    (3) statement -> . use_database
    (4) statement -> . show_databases
    (5) statement -> . create_table
    (6) statement -> . create_database
    (31) select_data -> . subquery_select
    (32) select_data -> . join_select
    (33) select_data -> . ordered_select
    (34) select_data -> . conditional_select
    (35) select_data -> . simple_select
    (36) select_data -> . select_all
    (24) insert_data -> . INSERT INTO IDENTIFIER ( data_columns ) insert_clause
    (7) use_database -> . USE IDENTIFIER
    (8) show_databases -> . SHOW DATABASES
    (10) create_table -> . CREATE TABLE IDENTIFIER ( create_columns )
    (9) create_database -> . CREATE DATABASE IDENTIFIER
    (39) subquery_select -> . SELECT data_columns from_clause where_in_clause
    (42) join_select -> . SELECT alias_columns from_clause_with_alias join_clause
    (41) ordered_select -> . SELECT data_columns from_clause order_by_clause
    (40) conditional_select -> . SELECT data_columns from_clause where_clause
    (38) simple_select -> . SELECT data_columns from_clause
    (37) select_all -> . SELECT * from_clause
    INSERT          shift and go to state 14
    USE             shift and go to state 15
    SHOW            shift and go to state 16
    CREATE          shift and go to state 17
    SELECT          shift and go to state 18

    statement                      shift and go to state 1
    select_data                    shift and go to state 2
    insert_data                    shift and go to state 3
    use_database                   shift and go to state 4
    show_databases                 shift and go to state 5
    create_table                   shift and go to state 6
    create_database                shift and go to state 7
    subquery_select                shift and go to state 8
    join_select                    shift and go to state 9
    ordered_select                 shift and go to state 10
    conditional_select             shift and go to state 11
    simple_select                  shift and go to state 12
    select_all                     shift and go to state 13

state 1

    (0) S' -> statement .


state 2

    (1) statement -> select_data .
    $end            reduce using rule 1 (statement -> select_data .)


state 3

    (2) statement -> insert_data .
    $end            reduce using rule 2 (statement -> insert_data .)


state 4

    (3) statement -> use_database .
    $end            reduce using rule 3 (statement -> use_database .)


state 5

    (4) statement -> show_databases .
    $end            reduce using rule 4 (statement -> show_databases .)


state 6

    (5) statement -> create_table .
    $end            reduce using rule 5 (statement -> create_table .)


state 7

    (6) statement -> create_database .
    $end            reduce using rule 6 (statement -> create_database .)


state 8

    (31) select_data -> subquery_select .
    $end            reduce using rule 31 (select_data -> subquery_select .)
    )               reduce using rule 31 (select_data -> subquery_select .)


state 9

    (32) select_data -> join_select .
    $end            reduce using rule 32 (select_data -> join_select .)
    )               reduce using rule 32 (select_data -> join_select .)


state 10

    (33) select_data -> ordered_select .
    $end            reduce using rule 33 (select_data -> ordered_select .)
    )               reduce using rule 33 (select_data -> ordered_select .)


state 11

    (34) select_data -> conditional_select .
    $end            reduce using rule 34 (select_data -> conditional_select .)
    )               reduce using rule 34 (select_data -> conditional_select .)


state 12

    (35) select_data -> simple_select .
    $end            reduce using rule 35 (select_data -> simple_select .)
    )               reduce using rule 35 (select_data -> simple_select .)


state 13

    (36) select_data -> select_all .
    $end            reduce using rule 36 (select_data -> select_all .)
    )               reduce using rule 36 (select_data -> select_all .)


state 14

    (24) insert_data -> INSERT . INTO IDENTIFIER ( data_columns ) insert_clause
    INTO            shift and go to state 19


state 15

    (7) use_database -> USE . IDENTIFIER
    IDENTIFIER      shift and go to state 20


state 16

    (8) show_databases -> SHOW . DATABASES
    DATABASES       shift and go to state 21


state 17

    (10) create_table -> CREATE . TABLE IDENTIFIER ( create_columns )
    (9) create_database -> CREATE . DATABASE IDENTIFIER
    TABLE           shift and go to state 22
    DATABASE        shift and go to state 23


state 18

    (39) subquery_select -> SELECT . data_columns from_clause where_in_clause
    (42) join_select -> SELECT . alias_columns from_clause_with_alias join_clause
    (41) ordered_select -> SELECT . data_columns from_clause order_by_clause
    (40) conditional_select -> SELECT . data_columns from_clause where_clause
    (38) simple_select -> SELECT . data_columns from_clause
    (37) select_all -> SELECT . * from_clause
    (50) data_columns -> . data
    (51) data_columns -> . data , data_columns
    (48) alias_columns -> . alias_column
    (49) alias_columns -> . alias_column , alias_columns
    (53) data -> . NUMBER
    (54) data -> . IDENTIFIER
    (55) data -> . ' IDENTIFIER '
    (52) alias_column -> . qualified_data
    (56) qualified_data -> . data . data
    *               shift and go to state 26
    NUMBER          shift and go to state 29
    IDENTIFIER      shift and go to state 30
    '               shift and go to state 31

    data_columns                   shift and go to state 24
    alias_columns                  shift and go to state 25
    data                           shift and go to state 27
    alias_column                   shift and go to state 28
    qualified_data                 shift and go to state 32

state 19

    (24) insert_data -> INSERT INTO . IDENTIFIER ( data_columns ) insert_clause
    IDENTIFIER      shift and go to state 33


state 20

    (7) use_database -> USE IDENTIFIER .
    $end            reduce using rule 7 (use_database -> USE IDENTIFIER .)


state 21

    (8) show_databases -> SHOW DATABASES .
    $end            reduce using rule 8 (show_databases -> SHOW DATABASES .)


state 22

    (10) create_table -> CREATE TABLE . IDENTIFIER ( create_columns )
    IDENTIFIER      shift and go to state 34


state 23

    (9) create_database -> CREATE DATABASE . IDENTIFIER
    IDENTIFIER      shift and go to state 35


state 24

    (39) subquery_select -> SELECT data_columns . from_clause where_in_clause
    (41) ordered_select -> SELECT data_columns . from_clause order_by_clause
    (40) conditional_select -> SELECT data_columns . from_clause where_clause
    (38) simple_select -> SELECT data_columns . from_clause
    (44) from_clause -> . FROM data
    FROM            shift and go to state 37

    from_clause                    shift and go to state 36

state 25

    (42) join_select -> SELECT alias_columns . from_clause_with_alias join_clause
    (43) from_clause_with_alias -> . FROM data data
    FROM            shift and go to state 39

    from_clause_with_alias         shift and go to state 38

state 26

    (37) select_all -> SELECT * . from_clause
    (44) from_clause -> . FROM data
    FROM            shift and go to state 37

    from_clause                    shift and go to state 40

state 27

    (50) data_columns -> data .
    (51) data_columns -> data . , data_columns
    (56) qualified_data -> data . . data
    FROM            reduce using rule 50 (data_columns -> data .)
    ,               shift and go to state 41
    .               shift and go to state 42


state 28

    (48) alias_columns -> alias_column .
    (49) alias_columns -> alias_column . , alias_columns
    FROM            reduce using rule 48 (alias_columns -> alias_column .)
    ,               shift and go to state 43


state 29

    (53) data -> NUMBER .
    ,               reduce using rule 53 (data -> NUMBER .)
    .               reduce using rule 53 (data -> NUMBER .)
    FROM            reduce using rule 53 (data -> NUMBER .)
    WHERE           reduce using rule 53 (data -> NUMBER .)
    ORDER_BY        reduce using rule 53 (data -> NUMBER .)
    $end            reduce using rule 53 (data -> NUMBER .)
    )               reduce using rule 53 (data -> NUMBER .)
    NUMBER          reduce using rule 53 (data -> NUMBER .)
    IDENTIFIER      reduce using rule 53 (data -> NUMBER .)
    '               reduce using rule 53 (data -> NUMBER .)
    OPERATOR        reduce using rule 53 (data -> NUMBER .)
    DESC            reduce using rule 53 (data -> NUMBER .)
    ASC             reduce using rule 53 (data -> NUMBER .)
    JOIN            reduce using rule 53 (data -> NUMBER .)
    IN              reduce using rule 53 (data -> NUMBER .)
    OR              reduce using rule 53 (data -> NUMBER .)
    AND             reduce using rule 53 (data -> NUMBER .)
    ON              reduce using rule 53 (data -> NUMBER .)


state 30

    (54) data -> IDENTIFIER .
    ,               reduce using rule 54 (data -> IDENTIFIER .)
    .               reduce using rule 54 (data -> IDENTIFIER .)
    FROM            reduce using rule 54 (data -> IDENTIFIER .)
    WHERE           reduce using rule 54 (data -> IDENTIFIER .)
    ORDER_BY        reduce using rule 54 (data -> IDENTIFIER .)
    $end            reduce using rule 54 (data -> IDENTIFIER .)
    )               reduce using rule 54 (data -> IDENTIFIER .)
    NUMBER          reduce using rule 54 (data -> IDENTIFIER .)
    IDENTIFIER      reduce using rule 54 (data -> IDENTIFIER .)
    '               reduce using rule 54 (data -> IDENTIFIER .)
    OPERATOR        reduce using rule 54 (data -> IDENTIFIER .)
    DESC            reduce using rule 54 (data -> IDENTIFIER .)
    ASC             reduce using rule 54 (data -> IDENTIFIER .)
    JOIN            reduce using rule 54 (data -> IDENTIFIER .)
    IN              reduce using rule 54 (data -> IDENTIFIER .)
    OR              reduce using rule 54 (data -> IDENTIFIER .)
    AND             reduce using rule 54 (data -> IDENTIFIER .)
    ON              reduce using rule 54 (data -> IDENTIFIER .)


state 31

    (55) data -> ' . IDENTIFIER '
    IDENTIFIER      shift and go to state 44


state 32

    (52) alias_column -> qualified_data .
    ,               reduce using rule 52 (alias_column -> qualified_data .)
    FROM            reduce using rule 52 (alias_column -> qualified_data .)


state 33

    (24) insert_data -> INSERT INTO IDENTIFIER . ( data_columns ) insert_clause
    (               shift and go to state 45


state 34

    (10) create_table -> CREATE TABLE IDENTIFIER . ( create_columns )
    (               shift and go to state 46


state 35

    (9) create_database -> CREATE DATABASE IDENTIFIER .
    $end            reduce using rule 9 (create_database -> CREATE DATABASE IDENTIFIER .)


state 36

    (39) subquery_select -> SELECT data_columns from_clause . where_in_clause
    (41) ordered_select -> SELECT data_columns from_clause . order_by_clause
    (40) conditional_select -> SELECT data_columns from_clause . where_clause
    (38) simple_select -> SELECT data_columns from_clause .
    (45) where_in_clause -> . WHERE data . data IN ( select_data )
    (47) order_by_clause -> . ORDER_BY order_clause
    (46) where_clause -> . WHERE conditions
    $end            reduce using rule 38 (simple_select -> SELECT data_columns from_clause .)
    )               reduce using rule 38 (simple_select -> SELECT data_columns from_clause .)
    WHERE           shift and go to state 50
    ORDER_BY        shift and go to state 51

    where_in_clause                shift and go to state 47
    order_by_clause                shift and go to state 48
    where_clause                   shift and go to state 49

state 37

    (44) from_clause -> FROM . data
    (53) data -> . NUMBER
    (54) data -> . IDENTIFIER
    (55) data -> . ' IDENTIFIER '
    NUMBER          shift and go to state 29
    IDENTIFIER      shift and go to state 30
    '               shift and go to state 31

    data                           shift and go to state 52

state 38

    (42) join_select -> SELECT alias_columns from_clause_with_alias . join_clause
    (66) join_clause -> . JOIN data . data ON condition
    JOIN            shift and go to state 54

    join_clause                    shift and go to state 53

state 39

    (43) from_clause_with_alias -> FROM . data data
    (53) data -> . NUMBER
    (54) data -> . IDENTIFIER
    (55) data -> . ' IDENTIFIER '
    NUMBER          shift and go to state 29
    IDENTIFIER      shift and go to state 30
    '               shift and go to state 31

    data                           shift and go to state 55

state 40

    (37) select_all -> SELECT * from_clause .
    $end            reduce using rule 37 (select_all -> SELECT * from_clause .)
    )               reduce using rule 37 (select_all -> SELECT * from_clause .)


state 41

    (51) data_columns -> data , . data_columns
    (50) data_columns -> . data
    (51) data_columns -> . data , data_columns
    (53) data -> . NUMBER
    (54) data -> . IDENTIFIER
    (55) data -> . ' IDENTIFIER '
    NUMBER          shift and go to state 29
    IDENTIFIER      shift and go to state 30
    '               shift and go to state 31

    data                           shift and go to state 56
    data_columns                   shift and go to state 57

state 42

    (56) qualified_data -> data . . data
    (53) data -> . NUMBER
    (54) data -> . IDENTIFIER
    (55) data -> . ' IDENTIFIER '
    NUMBER          shift and go to state 29
    IDENTIFIER      shift and go to state 30
    '               shift and go to state 31

    data                           shift and go to state 58

state 43

    (49) alias_columns -> alias_column , . alias_columns
    (48) alias_columns -> . alias_column
    (49) alias_columns -> . alias_column , alias_columns
    (52) alias_column -> . qualified_data
    (56) qualified_data -> . data . data
    (53) data -> . NUMBER
    (54) data -> . IDENTIFIER
    (55) data -> . ' IDENTIFIER '
    NUMBER          shift and go to state 29
    IDENTIFIER      shift and go to state 30
    '               shift and go to state 31

    alias_column                   shift and go to state 28
    alias_columns                  shift and go to state 59
    qualified_data                 shift and go to state 32
    data                           shift and go to state 60

state 44

    (55) data -> ' IDENTIFIER . '
    '               shift and go to state 61


state 45

    (24) insert_data -> INSERT INTO IDENTIFIER ( . data_columns ) insert_clause
    (50) data_columns -> . data
    (51) data_columns -> . data , data_columns
    (53) data -> . NUMBER
    (54) data -> . IDENTIFIER
    (55) data -> . ' IDENTIFIER '
    NUMBER          shift and go to state 29
    IDENTIFIER      shift and go to state 30
    '               shift and go to state 31

    data_columns                   shift and go to state 62
    data                           shift and go to state 56

state 46

    (10) create_table -> CREATE TABLE IDENTIFIER ( . create_columns )
    (11) create_columns -> . create_column
    (12) create_columns -> . create_column , create_columns
    (13) create_column -> . IDENTIFIER data_type constraints
    IDENTIFIER      shift and go to state 63

    create_columns                 shift and go to state 64
    create_column                  shift and go to state 65

state 47

    (39) subquery_select -> SELECT data_columns from_clause where_in_clause .
    $end            reduce using rule 39 (subquery_select -> SELECT data_columns from_clause where_in_clause .)
    )               reduce using rule 39 (subquery_select -> SELECT data_columns from_clause where_in_clause .)


state 48

    (41) ordered_select -> SELECT data_columns from_clause order_by_clause .
    $end            reduce using rule 41 (ordered_select -> SELECT data_columns from_clause order_by_clause .)
    )               reduce using rule 41 (ordered_select -> SELECT data_columns from_clause order_by_clause .)


state 49

    (40) conditional_select -> SELECT data_columns from_clause where_clause .
    $end            reduce using rule 40 (conditional_select -> SELECT data_columns from_clause where_clause .)
    )               reduce using rule 40 (conditional_select -> SELECT data_columns from_clause where_clause .)


state 50

    (45) where_in_clause -> WHERE . data . data IN ( select_data )
    (46) where_clause -> WHERE . conditions
    (53) data -> . NUMBER
    (54) data -> . IDENTIFIER
    (55) data -> . ' IDENTIFIER '
    (57) conditions -> .
    (58) conditions -> . condition OR conditions
    (59) conditions -> . condition AND conditions
    (60) conditions -> . condition
    (61) condition -> . data OPERATOR data
    (62) condition -> . data . data OPERATOR data
    (63) condition -> . data . data OPERATOR data . data
    NUMBER          shift and go to state 29
    IDENTIFIER      shift and go to state 30
    '               shift and go to state 31
    $end            reduce using rule 57 (conditions -> .)
    )               reduce using rule 57 (conditions -> .)

    data                           shift and go to state 66
    conditions                     shift and go to state 67
    condition                      shift and go to state 68

state 51

    (47) order_by_clause -> ORDER_BY . order_clause
    (64) order_clause -> . data DESC
    (65) order_clause -> . data ASC
    (53) data -> . NUMBER
    (54) data -> . IDENTIFIER
    (55) data -> . ' IDENTIFIER '
    NUMBER          shift and go to state 29
    IDENTIFIER      shift and go to state 30
    '               shift and go to state 31

    order_clause                   shift and go to state 69
    data                           shift and go to state 70

state 52

    (44) from_clause -> FROM data .
    WHERE           reduce using rule 44 (from_clause -> FROM data .)
    ORDER_BY        reduce using rule 44 (from_clause -> FROM data .)
    $end            reduce using rule 44 (from_clause -> FROM data .)
    )               reduce using rule 44 (from_clause -> FROM data .)


state 53

    (42) join_select -> SELECT alias_columns from_clause_with_alias join_clause .
    $end            reduce using rule 42 (join_select -> SELECT alias_columns from_clause_with_alias join_clause .)
    )               reduce using rule 42 (join_select -> SELECT alias_columns from_clause_with_alias join_clause .)


state 54

    (66) join_clause -> JOIN . data . data ON condition
    (53) data -> . NUMBER
    (54) data -> . IDENTIFIER
    (55) data -> . ' IDENTIFIER '
    NUMBER          shift and go to state 29
    IDENTIFIER      shift and go to state 30
    '               shift and go to state 31

    data                           shift and go to state 71

state 55

    (43) from_clause_with_alias -> FROM data . data
    (53) data -> . NUMBER
    (54) data -> . IDENTIFIER
    (55) data -> . ' IDENTIFIER '
    NUMBER          shift and go to state 29
    IDENTIFIER      shift and go to state 30
    '               shift and go to state 31

    data                           shift and go to state 72

state 56

    (50) data_columns -> data .
    (51) data_columns -> data . , data_columns
    FROM            reduce using rule 50 (data_columns -> data .)
    )               reduce using rule 50 (data_columns -> data .)
    ,               shift and go to state 41


state 57

    (51) data_columns -> data , data_columns .
    FROM            reduce using rule 51 (data_columns -> data , data_columns .)
    )               reduce using rule 51 (data_columns -> data , data_columns .)


state 58

    (56) qualified_data -> data . data .
    ,               reduce using rule 56 (qualified_data -> data . data .)
    FROM            reduce using rule 56 (qualified_data -> data . data .)


state 59

    (49) alias_columns -> alias_column , alias_columns .
    FROM            reduce using rule 49 (alias_columns -> alias_column , alias_columns .)


state 60

    (56) qualified_data -> data . . data
    .               shift and go to state 42


state 61

    (55) data -> ' IDENTIFIER ' .
    ,               reduce using rule 55 (data -> ' IDENTIFIER ' .)
    .               reduce using rule 55 (data -> ' IDENTIFIER ' .)
    FROM            reduce using rule 55 (data -> ' IDENTIFIER ' .)
    WHERE           reduce using rule 55 (data -> ' IDENTIFIER ' .)
    ORDER_BY        reduce using rule 55 (data -> ' IDENTIFIER ' .)
    $end            reduce using rule 55 (data -> ' IDENTIFIER ' .)
    )               reduce using rule 55 (data -> ' IDENTIFIER ' .)
    NUMBER          reduce using rule 55 (data -> ' IDENTIFIER ' .)
    IDENTIFIER      reduce using rule 55 (data -> ' IDENTIFIER ' .)
    '               reduce using rule 55 (data -> ' IDENTIFIER ' .)
    OPERATOR        reduce using rule 55 (data -> ' IDENTIFIER ' .)
    DESC            reduce using rule 55 (data -> ' IDENTIFIER ' .)
    ASC             reduce using rule 55 (data -> ' IDENTIFIER ' .)
    JOIN            reduce using rule 55 (data -> ' IDENTIFIER ' .)
    IN              reduce using rule 55 (data -> ' IDENTIFIER ' .)
    OR              reduce using rule 55 (data -> ' IDENTIFIER ' .)
    AND             reduce using rule 55 (data -> ' IDENTIFIER ' .)
    ON              reduce using rule 55 (data -> ' IDENTIFIER ' .)


state 62

    (24) insert_data -> INSERT INTO IDENTIFIER ( data_columns . ) insert_clause
    )               shift and go to state 73


state 63

    (13) create_column -> IDENTIFIER . data_type constraints
    (14) data_type -> . DECIMAL ( NUMBER , NUMBER )
    (15) data_type -> . VARCHAR ( NUMBER )
    (16) data_type -> . DOUBLE
    (17) data_type -> . TIMESTAMP
    (18) data_type -> . FLOAT
    (19) data_type -> . INT
    DECIMAL         shift and go to state 75
    VARCHAR         shift and go to state 76
    DOUBLE          shift and go to state 77
    TIMESTAMP       shift and go to state 78
    FLOAT           shift and go to state 79
    INT             shift and go to state 80

    data_type                      shift and go to state 74

state 64

    (10) create_table -> CREATE TABLE IDENTIFIER ( create_columns . )
    )               shift and go to state 81


state 65

    (11) create_columns -> create_column .
    (12) create_columns -> create_column . , create_columns
    )               reduce using rule 11 (create_columns -> create_column .)
    ,               shift and go to state 82


state 66

    (45) where_in_clause -> WHERE data . . data IN ( select_data )
    (61) condition -> data . OPERATOR data
    (62) condition -> data . . data OPERATOR data
    (63) condition -> data . . data OPERATOR data . data
    .               shift and go to state 83
    OPERATOR        shift and go to state 84


state 67

    (46) where_clause -> WHERE conditions .
    $end            reduce using rule 46 (where_clause -> WHERE conditions .)
    )               reduce using rule 46 (where_clause -> WHERE conditions .)


state 68

    (58) conditions -> condition . OR conditions
    (59) conditions -> condition . AND conditions
    (60) conditions -> condition .
    OR              shift and go to state 85
    AND             shift and go to state 86
    $end            reduce using rule 60 (conditions -> condition .)
    )               reduce using rule 60 (conditions -> condition .)


state 69

    (47) order_by_clause -> ORDER_BY order_clause .
    $end            reduce using rule 47 (order_by_clause -> ORDER_BY order_clause .)
    )               reduce using rule 47 (order_by_clause -> ORDER_BY order_clause .)


state 70

    (64) order_clause -> data . DESC
    (65) order_clause -> data . ASC
    DESC            shift and go to state 87
    ASC             shift and go to state 88


state 71

    (66) join_clause -> JOIN data . . data ON condition
    .               shift and go to state 89


state 72

    (43) from_clause_with_alias -> FROM data data .
    JOIN            reduce using rule 43 (from_clause_with_alias -> FROM data data .)


state 73

    (24) insert_data -> INSERT INTO IDENTIFIER ( data_columns ) . insert_clause
    (25) insert_clause -> . VALUES values_clause
    (26) insert_clause -> . SELECT select_data
    VALUES          shift and go to state 91
    SELECT          shift and go to state 92

    insert_clause                  shift and go to state 90

state 74

    (13) create_column -> IDENTIFIER data_type . constraints
    (20) constraints -> . constraint
    (21) constraints -> . constraint constraints
    (22) constraint -> . NOT_NULL
    (23) constraint -> . PRIMARY_KEY
    NOT_NULL        shift and go to state 95
    PRIMARY_KEY     shift and go to state 96

    constraints                    shift and go to state 93
    constraint                     shift and go to state 94

state 75

    (14) data_type -> DECIMAL . ( NUMBER , NUMBER )
    (               shift and go to state 97


state 76

    (15) data_type -> VARCHAR . ( NUMBER )
    (               shift and go to state 98


state 77

    (16) data_type -> DOUBLE .
    NOT_NULL        reduce using rule 16 (data_type -> DOUBLE .)
    PRIMARY_KEY     reduce using rule 16 (data_type -> DOUBLE .)


state 78

    (17) data_type -> TIMESTAMP .
    NOT_NULL        reduce using rule 17 (data_type -> TIMESTAMP .)
    PRIMARY_KEY     reduce using rule 17 (data_type -> TIMESTAMP .)


state 79

    (18) data_type -> FLOAT .
    NOT_NULL        reduce using rule 18 (data_type -> FLOAT .)
    PRIMARY_KEY     reduce using rule 18 (data_type -> FLOAT .)


state 80

    (19) data_type -> INT .
    NOT_NULL        reduce using rule 19 (data_type -> INT .)
    PRIMARY_KEY     reduce using rule 19 (data_type -> INT .)


state 81

    (10) create_table -> CREATE TABLE IDENTIFIER ( create_columns ) .
    $end            reduce using rule 10 (create_table -> CREATE TABLE IDENTIFIER ( create_columns ) .)


state 82

    (12) create_columns -> create_column , . create_columns
    (11) create_columns -> . create_column
    (12) create_columns -> . create_column , create_columns
    (13) create_column -> . IDENTIFIER data_type constraints
    IDENTIFIER      shift and go to state 63

    create_column                  shift and go to state 65
    create_columns                 shift and go to state 99

state 83

    (45) where_in_clause -> WHERE data . . data IN ( select_data )
    (62) condition -> data . . data OPERATOR data
    (63) condition -> data . . data OPERATOR data . data
    (53) data -> . NUMBER
    (54) data -> . IDENTIFIER
    (55) data -> . ' IDENTIFIER '
    NUMBER          shift and go to state 29
    IDENTIFIER      shift and go to state 30
    '               shift and go to state 31

    data                           shift and go to state 100

state 84

    (61) condition -> data OPERATOR . data
    (53) data -> . NUMBER
    (54) data -> . IDENTIFIER
    (55) data -> . ' IDENTIFIER '
    NUMBER          shift and go to state 29
    IDENTIFIER      shift and go to state 30
    '               shift and go to state 31

    data                           shift and go to state 101

state 85

    (58) conditions -> condition OR . conditions
    (57) conditions -> .
    (58) conditions -> . condition OR conditions
    (59) conditions -> . condition AND conditions
    (60) conditions -> . condition
    (61) condition -> . data OPERATOR data
    (62) condition -> . data . data OPERATOR data
    (63) condition -> . data . data OPERATOR data . data
    (53) data -> . NUMBER
    (54) data -> . IDENTIFIER
    (55) data -> . ' IDENTIFIER '
    $end            reduce using rule 57 (conditions -> .)
    )               reduce using rule 57 (conditions -> .)
    NUMBER          shift and go to state 29
    IDENTIFIER      shift and go to state 30
    '               shift and go to state 31

    condition                      shift and go to state 68
    conditions                     shift and go to state 102
    data                           shift and go to state 103

state 86

    (59) conditions -> condition AND . conditions
    (57) conditions -> .
    (58) conditions -> . condition OR conditions
    (59) conditions -> . condition AND conditions
    (60) conditions -> . condition
    (61) condition -> . data OPERATOR data
    (62) condition -> . data . data OPERATOR data
    (63) condition -> . data . data OPERATOR data . data
    (53) data -> . NUMBER
    (54) data -> . IDENTIFIER
    (55) data -> . ' IDENTIFIER '
    $end            reduce using rule 57 (conditions -> .)
    )               reduce using rule 57 (conditions -> .)
    NUMBER          shift and go to state 29
    IDENTIFIER      shift and go to state 30
    '               shift and go to state 31

    condition                      shift and go to state 68
    conditions                     shift and go to state 104
    data                           shift and go to state 103

state 87

    (64) order_clause -> data DESC .
    $end            reduce using rule 64 (order_clause -> data DESC .)
    )               reduce using rule 64 (order_clause -> data DESC .)


state 88

    (65) order_clause -> data ASC .
    $end            reduce using rule 65 (order_clause -> data ASC .)
    )               reduce using rule 65 (order_clause -> data ASC .)


state 89

    (66) join_clause -> JOIN data . . data ON condition
    (53) data -> . NUMBER
    (54) data -> . IDENTIFIER
    (55) data -> . ' IDENTIFIER '
    NUMBER          shift and go to state 29
    IDENTIFIER      shift and go to state 30
    '               shift and go to state 31

    data                           shift and go to state 105

state 90

    (24) insert_data -> INSERT INTO IDENTIFIER ( data_columns ) insert_clause .
    $end            reduce using rule 24 (insert_data -> INSERT INTO IDENTIFIER ( data_columns ) insert_clause .)


state 91

    (25) insert_clause -> VALUES . values_clause
    (27) values_clause -> . ( datas )
    (28) values_clause -> . ( datas ) , values_clause
    (               shift and go to state 107

    values_clause                  shift and go to state 106

state 92

    (26) insert_clause -> SELECT . select_data
    (31) select_data -> . subquery_select
    (32) select_data -> . join_select
    (33) select_data -> . ordered_select
    (34) select_data -> . conditional_select
    (35) select_data -> . simple_select
    (36) select_data -> . select_all
    (39) subquery_select -> . SELECT data_columns from_clause where_in_clause
    (42) join_select -> . SELECT alias_columns from_clause_with_alias join_clause
    (41) ordered_select -> . SELECT data_columns from_clause order_by_clause
    (40) conditional_select -> . SELECT data_columns from_clause where_clause
    (38) simple_select -> . SELECT data_columns from_clause
    (37) select_all -> . SELECT * from_clause
    SELECT          shift and go to state 18

    select_data                    shift and go to state 108
    subquery_select                shift and go to state 8
    join_select                    shift and go to state 9
    ordered_select                 shift and go to state 10
    conditional_select             shift and go to state 11
    simple_select                  shift and go to state 12
    select_all                     shift and go to state 13

state 93

    (13) create_column -> IDENTIFIER data_type constraints .
    ,               reduce using rule 13 (create_column -> IDENTIFIER data_type constraints .)
    )               reduce using rule 13 (create_column -> IDENTIFIER data_type constraints .)


state 94

    (20) constraints -> constraint .
    (21) constraints -> constraint . constraints
    (20) constraints -> . constraint
    (21) constraints -> . constraint constraints
    (22) constraint -> . NOT_NULL
    (23) constraint -> . PRIMARY_KEY
    ,               reduce using rule 20 (constraints -> constraint .)
    )               reduce using rule 20 (constraints -> constraint .)
    NOT_NULL        shift and go to state 95
    PRIMARY_KEY     shift and go to state 96

    constraint                     shift and go to state 94
    constraints                    shift and go to state 109

state 95

    (22) constraint -> NOT_NULL .
    NOT_NULL        reduce using rule 22 (constraint -> NOT_NULL .)
    PRIMARY_KEY     reduce using rule 22 (constraint -> NOT_NULL .)
    ,               reduce using rule 22 (constraint -> NOT_NULL .)
    )               reduce using rule 22 (constraint -> NOT_NULL .)


state 96

    (23) constraint -> PRIMARY_KEY .
    NOT_NULL        reduce using rule 23 (constraint -> PRIMARY_KEY .)
    PRIMARY_KEY     reduce using rule 23 (constraint -> PRIMARY_KEY .)
    ,               reduce using rule 23 (constraint -> PRIMARY_KEY .)
    )               reduce using rule 23 (constraint -> PRIMARY_KEY .)


state 97

    (14) data_type -> DECIMAL ( . NUMBER , NUMBER )
    NUMBER          shift and go to state 110


state 98

    (15) data_type -> VARCHAR ( . NUMBER )
    NUMBER          shift and go to state 111


state 99

    (12) create_columns -> create_column , create_columns .
    )               reduce using rule 12 (create_columns -> create_column , create_columns .)


state 100

    (45) where_in_clause -> WHERE data . data . IN ( select_data )
    (62) condition -> data . data . OPERATOR data
    (63) condition -> data . data . OPERATOR data . data
    IN              shift and go to state 112
    OPERATOR        shift and go to state 113


state 101

    (61) condition -> data OPERATOR data .
    OR              reduce using rule 61 (condition -> data OPERATOR data .)
    AND             reduce using rule 61 (condition -> data OPERATOR data .)
    $end            reduce using rule 61 (condition -> data OPERATOR data .)
    )               reduce using rule 61 (condition -> data OPERATOR data .)


state 102

    (58) conditions -> condition OR conditions .
    $end            reduce using rule 58 (conditions -> condition OR conditions .)
    )               reduce using rule 58 (conditions -> condition OR conditions .)


state 103

    (61) condition -> data . OPERATOR data
    (62) condition -> data . . data OPERATOR data
    (63) condition -> data . . data OPERATOR data . data
    OPERATOR        shift and go to state 84
    .               shift and go to state 114


state 104

    (59) conditions -> condition AND conditions .
    $end            reduce using rule 59 (conditions -> condition AND conditions .)
    )               reduce using rule 59 (conditions -> condition AND conditions .)


state 105

    (66) join_clause -> JOIN data . data . ON condition
    ON              shift and go to state 115


state 106

    (25) insert_clause -> VALUES values_clause .
    $end            reduce using rule 25 (insert_clause -> VALUES values_clause .)


state 107

    (27) values_clause -> ( . datas )
    (28) values_clause -> ( . datas ) , values_clause
    (29) datas -> . data
    (30) datas -> . datas , data
    (53) data -> . NUMBER
    (54) data -> . IDENTIFIER
    (55) data -> . ' IDENTIFIER '
    NUMBER          shift and go to state 29
    IDENTIFIER      shift and go to state 30
    '               shift and go to state 31

    datas                          shift and go to state 116
    data                           shift and go to state 117

state 108

    (26) insert_clause -> SELECT select_data .
    $end            reduce using rule 26 (insert_clause -> SELECT select_data .)


state 109

    (21) constraints -> constraint constraints .
    ,               reduce using rule 21 (constraints -> constraint constraints .)
    )               reduce using rule 21 (constraints -> constraint constraints .)


state 110

    (14) data_type -> DECIMAL ( NUMBER . , NUMBER )
    ,               shift and go to state 118


state 111

    (15) data_type -> VARCHAR ( NUMBER . )
    )               shift and go to state 119


state 112

    (45) where_in_clause -> WHERE data . data IN . ( select_data )
    (               shift and go to state 120


state 113

    (62) condition -> data . data OPERATOR . data
    (63) condition -> data . data OPERATOR . data . data
    (53) data -> . NUMBER
    (54) data -> . IDENTIFIER
    (55) data -> . ' IDENTIFIER '
    NUMBER          shift and go to state 29
    IDENTIFIER      shift and go to state 30
    '               shift and go to state 31

    data                           shift and go to state 121

state 114

    (62) condition -> data . . data OPERATOR data
    (63) condition -> data . . data OPERATOR data . data
    (53) data -> . NUMBER
    (54) data -> . IDENTIFIER
    (55) data -> . ' IDENTIFIER '
    NUMBER          shift and go to state 29
    IDENTIFIER      shift and go to state 30
    '               shift and go to state 31

    data                           shift and go to state 122

state 115

    (66) join_clause -> JOIN data . data ON . condition
    (61) condition -> . data OPERATOR data
    (62) condition -> . data . data OPERATOR data
    (63) condition -> . data . data OPERATOR data . data
    (53) data -> . NUMBER
    (54) data -> . IDENTIFIER
    (55) data -> . ' IDENTIFIER '
    NUMBER          shift and go to state 29
    IDENTIFIER      shift and go to state 30
    '               shift and go to state 31

    data                           shift and go to state 103
    condition                      shift and go to state 123

state 116

    (27) values_clause -> ( datas . )
    (28) values_clause -> ( datas . ) , values_clause
    (30) datas -> datas . , data
    )               shift and go to state 124
    ,               shift and go to state 125


state 117

    (29) datas -> data .
    )               reduce using rule 29 (datas -> data .)
    ,               reduce using rule 29 (datas -> data .)


state 118

    (14) data_type -> DECIMAL ( NUMBER , . NUMBER )
    NUMBER          shift and go to state 126


state 119

    (15) data_type -> VARCHAR ( NUMBER ) .
    NOT_NULL        reduce using rule 15 (data_type -> VARCHAR ( NUMBER ) .)
    PRIMARY_KEY     reduce using rule 15 (data_type -> VARCHAR ( NUMBER ) .)


state 120

    (45) where_in_clause -> WHERE data . data IN ( . select_data )
    (31) select_data -> . subquery_select
    (32) select_data -> . join_select
    (33) select_data -> . ordered_select
    (34) select_data -> . conditional_select
    (35) select_data -> . simple_select
    (36) select_data -> . select_all
    (39) subquery_select -> . SELECT data_columns from_clause where_in_clause
    (42) join_select -> . SELECT alias_columns from_clause_with_alias join_clause
    (41) ordered_select -> . SELECT data_columns from_clause order_by_clause
    (40) conditional_select -> . SELECT data_columns from_clause where_clause
    (38) simple_select -> . SELECT data_columns from_clause
    (37) select_all -> . SELECT * from_clause
    SELECT          shift and go to state 18

    select_data                    shift and go to state 127
    subquery_select                shift and go to state 8
    join_select                    shift and go to state 9
    ordered_select                 shift and go to state 10
    conditional_select             shift and go to state 11
    simple_select                  shift and go to state 12
    select_all                     shift and go to state 13

state 121

    (62) condition -> data . data OPERATOR data .
    (63) condition -> data . data OPERATOR data . . data
    OR              reduce using rule 62 (condition -> data . data OPERATOR data .)
    AND             reduce using rule 62 (condition -> data . data OPERATOR data .)
    $end            reduce using rule 62 (condition -> data . data OPERATOR data .)
    )               reduce using rule 62 (condition -> data . data OPERATOR data .)
    .               shift and go to state 128


state 122

    (62) condition -> data . data . OPERATOR data
    (63) condition -> data . data . OPERATOR data . data
    OPERATOR        shift and go to state 113


state 123

    (66) join_clause -> JOIN data . data ON condition .
    $end            reduce using rule 66 (join_clause -> JOIN data . data ON condition .)
    )               reduce using rule 66 (join_clause -> JOIN data . data ON condition .)


state 124

    (27) values_clause -> ( datas ) .
    (28) values_clause -> ( datas ) . , values_clause
    $end            reduce using rule 27 (values_clause -> ( datas ) .)
    ,               shift and go to state 129


state 125

    (30) datas -> datas , . data
    (53) data -> . NUMBER
    (54) data -> . IDENTIFIER
    (55) data -> . ' IDENTIFIER '
    NUMBER          shift and go to state 29
    IDENTIFIER      shift and go to state 30
    '               shift and go to state 31

    data                           shift and go to state 130

state 126

    (14) data_type -> DECIMAL ( NUMBER , NUMBER . )
    )               shift and go to state 131


state 127

    (45) where_in_clause -> WHERE data . data IN ( select_data . )
    )               shift and go to state 132


state 128

    (63) condition -> data . data OPERATOR data . . data
    (53) data -> . NUMBER
    (54) data -> . IDENTIFIER
    (55) data -> . ' IDENTIFIER '
    NUMBER          shift and go to state 29
    IDENTIFIER      shift and go to state 30
    '               shift and go to state 31

    data                           shift and go to state 133

state 129

    (28) values_clause -> ( datas ) , . values_clause
    (27) values_clause -> . ( datas )
    (28) values_clause -> . ( datas ) , values_clause
    (               shift and go to state 107

    values_clause                  shift and go to state 134

state 130

    (30) datas -> datas , data .
    )               reduce using rule 30 (datas -> datas , data .)
    ,               reduce using rule 30 (datas -> datas , data .)


state 131

    (14) data_type -> DECIMAL ( NUMBER , NUMBER ) .
    NOT_NULL        reduce using rule 14 (data_type -> DECIMAL ( NUMBER , NUMBER ) .)
    PRIMARY_KEY     reduce using rule 14 (data_type -> DECIMAL ( NUMBER , NUMBER ) .)


state 132

    (45) where_in_clause -> WHERE data . data IN ( select_data ) .
    $end            reduce using rule 45 (where_in_clause -> WHERE data . data IN ( select_data ) .)
    )               reduce using rule 45 (where_in_clause -> WHERE data . data IN ( select_data ) .)


state 133

    (63) condition -> data . data OPERATOR data . data .
    OR              reduce using rule 63 (condition -> data . data OPERATOR data . data .)
    AND             reduce using rule 63 (condition -> data . data OPERATOR data . data .)
    $end            reduce using rule 63 (condition -> data . data OPERATOR data . data .)
    )               reduce using rule 63 (condition -> data . data OPERATOR data . data .)


state 134

    (28) values_clause -> ( datas ) , values_clause .
    $end            reduce using rule 28 (values_clause -> ( datas ) , values_clause .)
